<?xml version="1.0" encoding="UTF-8"?>
<coverage generated="1666081176208" clover="3.2.0">
  <project timestamp="1666081176208" name="All files">
    <metrics statements="6" coveredstatements="6" conditionals="2" coveredconditionals="2" methods="2" coveredmethods="2" elements="10" coveredelements="10" complexity="0" loc="6" ncloc="6" packages="1" files="1" classes="1"/>
    <file name="template.js" path="C:\Users\Arthur.vanAarsse_nsp\Documents\Katas\Kata_Sudoku\src\template.js">
      <metrics statements="6" coveredstatements="6" conditionals="2" coveredconditionals="2" methods="2" coveredmethods="2"/>
      <line num="2" count="26" type="stmt"/>
      <line num="6" count="3" type="stmt"/>
      <line num="7" count="23" type="cond" truecount="2" falsecount="0"/>
      <line num="8" count="2" type="stmt"/>
      <line num="11" count="1" type="stmt"/>
      <line num="14" count="1" type="stmt"/>
    </file>
  </project>
</coverage>
