{"C:\\Users\\viavilan\\Documents\\kata\\Kata_Sudoku\\src\\template.js": {"path":"C:\\Users\\viavilan\\Documents\\kata\\Kata_Sudoku\\src\\template.js","statementMap":{"0":{"start":{"line":2,"column":4},"end":{"line":2,"column":33}},"1":{"start":{"line":6,"column":4},"end":{"line":10,"column":5}},"2":{"start":{"line":6,"column":22},"end":{"line":6,"column":23}},"3":{"start":{"line":7,"column":8},"end":{"line":9,"column":9}},"4":{"start":{"line":8,"column":12},"end":{"line":8,"column":25}},"5":{"start":{"line":11,"column":4},"end":{"line":11,"column":16}},"6":{"start":{"line":15,"column":4},"end":{"line":15,"column":21}},"7":{"start":{"line":16,"column":4},"end":{"line":18,"column":5}},"8":{"start":{"line":17,"column":8},"end":{"line":17,"column":34}},"9":{"start":{"line":20,"column":4},"end":{"line":20,"column":46}},"10":{"start":{"line":24,"column":0},"end":{"line":28,"column":1}}},"fnMap":{"0":{"name":"doesLineContainNumber","decl":{"start":{"line":1,"column":9},"end":{"line":1,"column":30}},"loc":{"start":{"line":1,"column":45},"end":{"line":3,"column":1}},"line":1},"1":{"name":"isListAValidSudokuLine","decl":{"start":{"line":5,"column":9},"end":{"line":5,"column":31}},"loc":{"start":{"line":5,"column":38},"end":{"line":12,"column":1}},"line":5},"2":{"name":"doesFirstColumnContainAllNumbers","decl":{"start":{"line":14,"column":9},"end":{"line":14,"column":41}},"loc":{"start":{"line":14,"column":50},"end":{"line":21,"column":1}},"line":14}},"branchMap":{"0":{"loc":{"start":{"line":7,"column":8},"end":{"line":9,"column":9}},"type":"if","locations":[{"start":{"line":7,"column":8},"end":{"line":9,"column":9}},{"start":{},"end":{}}],"line":7}},"s":{"0":40,"1":5,"2":5,"3":37,"4":3,"5":2,"6":2,"7":2,"8":18,"9":2,"10":1},"f":{"0":40,"1":5,"2":2},"b":{"0":[3,34]},"_coverageSchema":"1a1c01bbd47fc00a2c39e90264f33305004495a9","hash":"e8d6a1f4e07be0e61dc194e6ef02ab90f3a0ac3d"}
}
